{"C:\\Users\\talon\\OneDrive\\Desktop\\apihandler\\handler.js":{"path":"C:\\Users\\talon\\OneDrive\\Desktop\\apihandler\\handler.js","s":{"1":1,"2":1,"3":3,"4":3,"5":3,"6":3,"7":0,"8":3,"9":3,"10":0,"11":0,"12":3,"13":3},"b":{"1":[0,3]},"f":{"1":3,"2":3,"3":3,"4":3,"5":0,"6":3},"fnMap":{"1":{"name":"handler","line":5,"loc":{"start":{"line":5,"column":17},"end":{"line":5,"column":42}}},"2":{"name":"(anonymous_2)","line":10,"loc":{"start":{"line":10,"column":27},"end":{"line":10,"column":53}}},"3":{"name":"(anonymous_3)","line":11,"loc":{"start":{"line":11,"column":29},"end":{"line":11,"column":48}}},"4":{"name":"(anonymous_4)","line":15,"loc":{"start":{"line":15,"column":36},"end":{"line":15,"column":52}}},"5":{"name":"(anonymous_5)","line":17,"loc":{"start":{"line":17,"column":19},"end":{"line":17,"column":33}}},"6":{"name":"(anonymous_6)","line":21,"loc":{"start":{"line":21,"column":35},"end":{"line":21,"column":49}}}},"statementMap":{"1":{"start":{"line":3,"column":0},"end":{"line":3,"column":27}},"2":{"start":{"line":5,"column":0},"end":{"line":34,"column":1}},"3":{"start":{"line":7,"column":4},"end":{"line":31,"column":11}},"4":{"start":{"line":11,"column":12},"end":{"line":30,"column":15}},"5":{"start":{"line":15,"column":16},"end":{"line":19,"column":19}},"6":{"start":{"line":16,"column":20},"end":{"line":16,"column":36}},"7":{"start":{"line":18,"column":20},"end":{"line":18,"column":38}},"8":{"start":{"line":21,"column":16},"end":{"line":29,"column":19}},"9":{"start":{"line":24,"column":20},"end":{"line":27,"column":21}},"10":{"start":{"line":25,"column":24},"end":{"line":25,"column":43}},"11":{"start":{"line":26,"column":24},"end":{"line":26,"column":36}},"12":{"start":{"line":28,"column":20},"end":{"line":28,"column":48}},"13":{"start":{"line":32,"column":4},"end":{"line":32,"column":16}}},"branchMap":{"1":{"line":24,"type":"if","locations":[{"start":{"line":24,"column":20},"end":{"line":24,"column":20}},{"start":{"line":24,"column":20},"end":{"line":24,"column":20}}]}}}}